app/build/intermediates/manifest_merge_blame_file/debug/processDebugMainManifest/manifest-merger-blame-debug-report.txt
1<?xml version="1.0" encoding="utf-8"?>
2<manifest xmlns:android="http://schemas.android.com/apk/res/android"
3    package="com.unforgettable.bluetoothcollector"
4    android:versionCode="1"
5    android:versionName="1.0.0" >
6
7    <uses-sdk
8        android:minSdkVersion="26"
9        android:targetSdkVersion="35" />
10
11    <uses-permission
11-->src/main/AndroidManifest.xml:4:5-95
12        android:name="android.permission.BLUETOOTH"
12-->src/main/AndroidManifest.xml:4:22-65
13        android:maxSdkVersion="30" />
13-->src/main/AndroidManifest.xml:4:66-92
14    <uses-permission
14-->src/main/AndroidManifest.xml:5:5-101
15        android:name="android.permission.BLUETOOTH_ADMIN"
15-->src/main/AndroidManifest.xml:5:22-71
16        android:maxSdkVersion="30" />
16-->src/main/AndroidManifest.xml:5:72-98
17    <uses-permission
17-->src/main/AndroidManifest.xml:6:5-106
18        android:name="android.permission.ACCESS_FINE_LOCATION"
18-->src/main/AndroidManifest.xml:6:22-76
19        android:maxSdkVersion="30" />
19-->src/main/AndroidManifest.xml:6:77-103
20    <uses-permission android:name="android.permission.BLUETOOTH_SCAN" />
20-->src/main/AndroidManifest.xml:7:5-73
20-->src/main/AndroidManifest.xml:7:22-70
21    <uses-permission android:name="android.permission.BLUETOOTH_CONNECT" />
21-->src/main/AndroidManifest.xml:8:5-76
21-->src/main/AndroidManifest.xml:8:22-73
22
23    <uses-feature
23-->src/main/AndroidManifest.xml:10:5-88
24        android:name="android.hardware.bluetooth"
24-->src/main/AndroidManifest.xml:10:19-60
25        android:required="false" />
25-->src/main/AndroidManifest.xml:10:61-85
26
27    <permission
27-->[androidx.core:core:1.16.0] AndroidManifest.xml:22:5-24:47
28        android:name="com.unforgettable.bluetoothcollector.DYNAMIC_RECEIVER_NOT_EXPORTED_PERMISSION"
28-->[androidx.core:core:1.16.0] AndroidManifest.xml:23:9-81
29        android:protectionLevel="signature" />
29-->[androidx.core:core:1.16.0] AndroidManifest.xml:24:9-44
30
31    <uses-permission android:name="com.unforgettable.bluetoothcollector.DYNAMIC_RECEIVER_NOT_EXPORTED_PERMISSION" />
31-->[androidx.core:core:1.16.0] AndroidManifest.xml:26:5-97
31-->[androidx.core:core:1.16.0] AndroidManifest.xml:26:22-94
32
33    <application
33-->src/main/AndroidManifest.xml:12:5-40:19
34        android:allowBackup="true"
34-->src/main/AndroidManifest.xml:13:9-35
35        android:appComponentFactory="androidx.core.app.CoreComponentFactory"
35-->[androidx.core:core:1.16.0] AndroidManifest.xml:28:18-86
36        android:dataExtractionRules="@xml/file_paths"
36-->src/main/AndroidManifest.xml:14:9-54
37        android:debuggable="true"
38        android:extractNativeLibs="false"
39        android:fullBackupContent="@xml/file_paths"
39-->src/main/AndroidManifest.xml:15:9-52
40        android:label="@string/app_name"
40-->src/main/AndroidManifest.xml:16:9-41
41        android:supportsRtl="true"
41-->src/main/AndroidManifest.xml:17:9-35
42        android:theme="@style/Theme.BluetoothCollector" >
42-->src/main/AndroidManifest.xml:18:9-56
43        <provider
44            android:name="androidx.core.content.FileProvider"
44-->src/main/AndroidManifest.xml:21:13-62
45            android:authorities="com.unforgettable.bluetoothcollector.fileprovider"
45-->src/main/AndroidManifest.xml:22:13-64
46            android:exported="false"
46-->src/main/AndroidManifest.xml:23:13-37
47            android:grantUriPermissions="true" >
47-->src/main/AndroidManifest.xml:24:13-47
48            <meta-data
48-->src/main/AndroidManifest.xml:25:13-27:54
49                android:name="android.support.FILE_PROVIDER_PATHS"
49-->src/main/AndroidManifest.xml:26:17-67
50                android:resource="@xml/file_paths" />
50-->src/main/AndroidManifest.xml:27:17-51
51        </provider>
52
53        <activity
53-->src/main/AndroidManifest.xml:30:9-39:20
54            android:name="com.unforgettable.bluetoothcollector.MainActivity"
54-->src/main/AndroidManifest.xml:31:13-41
55            android:exported="true"
55-->src/main/AndroidManifest.xml:32:13-36
56            android:theme="@style/Theme.BluetoothCollector" >
56-->src/main/AndroidManifest.xml:33:13-60
57            <intent-filter>
57-->src/main/AndroidManifest.xml:34:13-38:29
58                <action android:name="android.intent.action.MAIN" />
58-->src/main/AndroidManifest.xml:35:17-69
58-->src/main/AndroidManifest.xml:35:25-66
59
60                <category android:name="android.intent.category.LAUNCHER" />
60-->src/main/AndroidManifest.xml:37:17-77
60-->src/main/AndroidManifest.xml:37:27-74
61            </intent-filter>
62        </activity>
63        <activity
63-->[androidx.compose.ui:ui-tooling-android:1.7.8] AndroidManifest.xml:23:9-25:39
64            android:name="androidx.compose.ui.tooling.PreviewActivity"
64-->[androidx.compose.ui:ui-tooling-android:1.7.8] AndroidManifest.xml:24:13-71
65            android:exported="true" />
65-->[androidx.compose.ui:ui-tooling-android:1.7.8] AndroidManifest.xml:25:13-36
66        <activity
66-->[androidx.compose.ui:ui-test-manifest:1.7.8] AndroidManifest.xml:23:9-25:39
67            android:name="androidx.activity.ComponentActivity"
67-->[androidx.compose.ui:ui-test-manifest:1.7.8] AndroidManifest.xml:24:13-63
68            android:exported="true" />
68-->[androidx.compose.ui:ui-test-manifest:1.7.8] AndroidManifest.xml:25:13-36
69
70        <provider
70-->[androidx.emoji2:emoji2:1.3.0] AndroidManifest.xml:24:9-32:20
71            android:name="androidx.startup.InitializationProvider"
71-->[androidx.emoji2:emoji2:1.3.0] AndroidManifest.xml:25:13-67
72            android:authorities="com.unforgettable.bluetoothcollector.androidx-startup"
72-->[androidx.emoji2:emoji2:1.3.0] AndroidManifest.xml:26:13-68
73            android:exported="false" >
73-->[androidx.emoji2:emoji2:1.3.0] AndroidManifest.xml:27:13-37
74            <meta-data
74-->[androidx.emoji2:emoji2:1.3.0] AndroidManifest.xml:29:13-31:52
75                android:name="androidx.emoji2.text.EmojiCompatInitializer"
75-->[androidx.emoji2:emoji2:1.3.0] AndroidManifest.xml:30:17-75
76                android:value="androidx.startup" />
76-->[androidx.emoji2:emoji2:1.3.0] AndroidManifest.xml:31:17-49
77            <meta-data
77-->[androidx.lifecycle:lifecycle-process:2.9.4] AndroidManifest.xml:29:13-31:52
78                android:name="androidx.lifecycle.ProcessLifecycleInitializer"
78-->[androidx.lifecycle:lifecycle-process:2.9.4] AndroidManifest.xml:30:17-78
79                android:value="androidx.startup" />
79-->[androidx.lifecycle:lifecycle-process:2.9.4] AndroidManifest.xml:31:17-49
80            <meta-data
80-->[androidx.profileinstaller:profileinstaller:1.4.0] AndroidManifest.xml:29:13-31:52
81                android:name="androidx.profileinstaller.ProfileInstallerInitializer"
81-->[androidx.profileinstaller:profileinstaller:1.4.0] AndroidManifest.xml:30:17-85
82                android:value="androidx.startup" />
82-->[androidx.profileinstaller:profileinstaller:1.4.0] AndroidManifest.xml:31:17-49
83        </provider>
84
85        <service
85-->[androidx.room:room-runtime-android:2.7.2] AndroidManifest.xml:24:9-28:63
86            android:name="androidx.room.MultiInstanceInvalidationService"
86-->[androidx.room:room-runtime-android:2.7.2] AndroidManifest.xml:25:13-74
87            android:directBootAware="true"
87-->[androidx.room:room-runtime-android:2.7.2] AndroidManifest.xml:26:13-43
88            android:exported="false" />
88-->[androidx.room:room-runtime-android:2.7.2] AndroidManifest.xml:27:13-37
89
90        <receiver
90-->[androidx.profileinstaller:profileinstaller:1.4.0] AndroidManifest.xml:34:9-52:20
91            android:name="androidx.profileinstaller.ProfileInstallReceiver"
91-->[androidx.profileinstaller:profileinstaller:1.4.0] AndroidManifest.xml:35:13-76
92            android:directBootAware="false"
92-->[androidx.profileinstaller:profileinstaller:1.4.0] AndroidManifest.xml:36:13-44
93            android:enabled="true"
93-->[androidx.profileinstaller:profileinstaller:1.4.0] AndroidManifest.xml:37:13-35
94            android:exported="true"
94-->[androidx.profileinstaller:profileinstaller:1.4.0] AndroidManifest.xml:38:13-36
95            android:permission="android.permission.DUMP" >
95-->[androidx.profileinstaller:profileinstaller:1.4.0] AndroidManifest.xml:39:13-57
96            <intent-filter>
96-->[androidx.profileinstaller:profileinstaller:1.4.0] AndroidManifest.xml:40:13-42:29
97                <action android:name="androidx.profileinstaller.action.INSTALL_PROFILE" />
97-->[androidx.profileinstaller:profileinstaller:1.4.0] AndroidManifest.xml:41:17-91
97-->[androidx.profileinstaller:profileinstaller:1.4.0] AndroidManifest.xml:41:25-88
98            </intent-filter>
99            <intent-filter>
99-->[androidx.profileinstaller:profileinstaller:1.4.0] AndroidManifest.xml:43:13-45:29
100                <action android:name="androidx.profileinstaller.action.SKIP_FILE" />
100-->[androidx.profileinstaller:profileinstaller:1.4.0] AndroidManifest.xml:44:17-85
100-->[androidx.profileinstaller:profileinstaller:1.4.0] AndroidManifest.xml:44:25-82
101            </intent-filter>
102            <intent-filter>
102-->[androidx.profileinstaller:profileinstaller:1.4.0] AndroidManifest.xml:46:13-48:29
103                <action android:name="androidx.profileinstaller.action.SAVE_PROFILE" />
103-->[androidx.profileinstaller:profileinstaller:1.4.0] AndroidManifest.xml:47:17-88
103-->[androidx.profileinstaller:profileinstaller:1.4.0] AndroidManifest.xml:47:25-85
104            </intent-filter>
105            <intent-filter>
105-->[androidx.profileinstaller:profileinstaller:1.4.0] AndroidManifest.xml:49:13-51:29
106                <action android:name="androidx.profileinstaller.action.BENCHMARK_OPERATION" />
106-->[androidx.profileinstaller:profileinstaller:1.4.0] AndroidManifest.xml:50:17-95
106-->[androidx.profileinstaller:profileinstaller:1.4.0] AndroidManifest.xml:50:25-92
107            </intent-filter>
108        </receiver>
109    </application>
110
111</manifest>